mode: atomic
github.com/datahop/ipfs-lite/internal/repo/repo.go:59.51,68.14 3 0
github.com/datahop/ipfs-lite/internal/repo/repo.go:71.2,71.22 1 0
github.com/datahop/ipfs-lite/internal/repo/repo.go:68.14,70.3 1 0
github.com/datahop/ipfs-lite/internal/repo/repo.go:74.32,76.2 1 1
github.com/datahop/ipfs-lite/internal/repo/repo.go:78.40,83.2 3 0
github.com/datahop/ipfs-lite/internal/repo/repo.go:85.32,89.2 3 1
github.com/datahop/ipfs-lite/internal/repo/repo.go:92.45,99.37 3 2
github.com/datahop/ipfs-lite/internal/repo/repo.go:102.2,103.16 2 0
github.com/datahop/ipfs-lite/internal/repo/repo.go:106.2,106.51 1 0
github.com/datahop/ipfs-lite/internal/repo/repo.go:109.2,109.12 1 0
github.com/datahop/ipfs-lite/internal/repo/repo.go:99.37,101.3 1 2
github.com/datahop/ipfs-lite/internal/repo/repo.go:103.16,105.3 1 0
github.com/datahop/ipfs-lite/internal/repo/repo.go:106.51,108.3 1 0
github.com/datahop/ipfs-lite/internal/repo/repo.go:114.42,116.2 1 1
github.com/datahop/ipfs-lite/internal/repo/repo.go:118.42,123.16 4 1
github.com/datahop/ipfs-lite/internal/repo/repo.go:127.2,128.16 2 1
github.com/datahop/ipfs-lite/internal/repo/repo.go:131.2,132.15 2 1
github.com/datahop/ipfs-lite/internal/repo/repo.go:139.2,139.39 1 1
github.com/datahop/ipfs-lite/internal/repo/repo.go:142.2,142.42 1 1
github.com/datahop/ipfs-lite/internal/repo/repo.go:145.2,145.15 1 1
github.com/datahop/ipfs-lite/internal/repo/repo.go:123.16,125.3 1 0
github.com/datahop/ipfs-lite/internal/repo/repo.go:128.16,130.3 1 0
github.com/datahop/ipfs-lite/internal/repo/repo.go:132.15,134.18 1 1
github.com/datahop/ipfs-lite/internal/repo/repo.go:134.18,136.4 1 1
github.com/datahop/ipfs-lite/internal/repo/repo.go:139.39,141.3 1 0
github.com/datahop/ipfs-lite/internal/repo/repo.go:142.42,144.3 1 0
github.com/datahop/ipfs-lite/internal/repo/repo.go:148.40,150.16 2 1
github.com/datahop/ipfs-lite/internal/repo/repo.go:153.2,154.12 2 1
github.com/datahop/ipfs-lite/internal/repo/repo.go:150.16,152.3 1 0
github.com/datahop/ipfs-lite/internal/repo/repo.go:159.62,161.2 1 1
github.com/datahop/ipfs-lite/internal/repo/repo.go:163.47,165.16 2 1
github.com/datahop/ipfs-lite/internal/repo/repo.go:169.2,169.36 1 1
github.com/datahop/ipfs-lite/internal/repo/repo.go:165.16,167.3 1 0
github.com/datahop/ipfs-lite/internal/repo/repo.go:172.56,174.16 2 0
github.com/datahop/ipfs-lite/internal/repo/repo.go:177.2,178.16 2 0
github.com/datahop/ipfs-lite/internal/repo/repo.go:182.2,183.16 2 0
github.com/datahop/ipfs-lite/internal/repo/repo.go:186.2,188.23 2 0
github.com/datahop/ipfs-lite/internal/repo/repo.go:174.16,176.3 1 0
github.com/datahop/ipfs-lite/internal/repo/repo.go:178.16,180.3 1 0
github.com/datahop/ipfs-lite/internal/repo/repo.go:183.16,185.3 1 0
github.com/datahop/ipfs-lite/internal/repo/repo.go:193.56,195.2 1 4
github.com/datahop/ipfs-lite/internal/repo/repo.go:198.51,201.16 2 0
github.com/datahop/ipfs-lite/internal/repo/repo.go:204.2,205.12 2 0
github.com/datahop/ipfs-lite/internal/repo/repo.go:201.16,203.3 1 0
github.com/datahop/ipfs-lite/internal/repo/repo.go:209.37,211.16 2 1
github.com/datahop/ipfs-lite/internal/repo/repo.go:214.2,215.12 2 1
github.com/datahop/ipfs-lite/internal/repo/repo.go:211.16,213.3 1 0
github.com/datahop/ipfs-lite/internal/repo/repo.go:218.63,221.16 3 1
github.com/datahop/ipfs-lite/internal/repo/repo.go:224.2,225.16 2 1
github.com/datahop/ipfs-lite/internal/repo/repo.go:228.2,229.56 2 1
github.com/datahop/ipfs-lite/internal/repo/repo.go:232.2,232.8 1 1
github.com/datahop/ipfs-lite/internal/repo/repo.go:221.16,223.3 1 0
github.com/datahop/ipfs-lite/internal/repo/repo.go:225.16,227.3 1 0
github.com/datahop/ipfs-lite/internal/repo/repo.go:229.56,231.3 1 0
github.com/datahop/ipfs-lite/internal/repo/repo.go:237.44,239.16 2 2
github.com/datahop/ipfs-lite/internal/repo/repo.go:243.2,244.54 2 2
github.com/datahop/ipfs-lite/internal/repo/repo.go:247.2,247.14 1 0
github.com/datahop/ipfs-lite/internal/repo/repo.go:239.16,241.3 1 0
github.com/datahop/ipfs-lite/internal/repo/repo.go:244.54,246.3 1 2
github.com/datahop/ipfs-lite/internal/repo/repo.go:252.50,254.2 1 2
github.com/datahop/ipfs-lite/internal/config/config.go:36.51,38.16 2 2
github.com/datahop/ipfs-lite/internal/config/config.go:41.2,41.22 1 2
github.com/datahop/ipfs-lite/internal/config/config.go:44.2,50.18 2 2
github.com/datahop/ipfs-lite/internal/config/config.go:38.16,40.3 1 0
github.com/datahop/ipfs-lite/internal/config/config.go:41.22,43.3 1 1
github.com/datahop/ipfs-lite/internal/config/config.go:53.50,56.16 3 2
github.com/datahop/ipfs-lite/internal/config/config.go:59.2,60.16 2 2
github.com/datahop/ipfs-lite/internal/config/config.go:63.2,65.16 3 2
github.com/datahop/ipfs-lite/internal/config/config.go:68.2,69.19 2 2
github.com/datahop/ipfs-lite/internal/config/config.go:56.16,58.3 1 0
github.com/datahop/ipfs-lite/internal/config/config.go:60.16,62.3 1 0
github.com/datahop/ipfs-lite/internal/config/config.go:65.16,67.3 1 0
github.com/datahop/ipfs-lite/internal/config/config.go:72.50,78.2 1 2
github.com/datahop/ipfs-lite/mobile/datahop.go:39.64,39.65 0 0
github.com/datahop/ipfs-lite/mobile/datahop.go:40.64,40.65 0 11
github.com/datahop/ipfs-lite/mobile/datahop.go:41.67,42.21 1 1
github.com/datahop/ipfs-lite/mobile/datahop.go:42.21,44.3 1 1
github.com/datahop/ipfs-lite/mobile/datahop.go:46.70,47.21 1 1
github.com/datahop/ipfs-lite/mobile/datahop.go:47.21,49.3 1 1
github.com/datahop/ipfs-lite/mobile/datahop.go:51.73,51.74 0 7
github.com/datahop/ipfs-lite/mobile/datahop.go:52.73,52.74 0 7
github.com/datahop/ipfs-lite/mobile/datahop.go:56.66,59.16 3 0
github.com/datahop/ipfs-lite/mobile/datahop.go:62.2,62.36 1 0
github.com/datahop/ipfs-lite/mobile/datahop.go:59.16,61.3 1 0
github.com/datahop/ipfs-lite/mobile/datahop.go:82.13,85.2 2 1
github.com/datahop/ipfs-lite/mobile/datahop.go:89.160,91.16 2 3
github.com/datahop/ipfs-lite/mobile/datahop.go:94.2,96.16 3 3
github.com/datahop/ipfs-lite/mobile/datahop.go:100.2,101.16 2 3
github.com/datahop/ipfs-lite/mobile/datahop.go:105.2,121.12 4 3
github.com/datahop/ipfs-lite/mobile/datahop.go:91.16,93.3 1 0
github.com/datahop/ipfs-lite/mobile/datahop.go:96.16,99.3 2 0
github.com/datahop/ipfs-lite/mobile/datahop.go:101.16,104.3 2 0
github.com/datahop/ipfs-lite/mobile/datahop.go:125.33,127.16 2 1
github.com/datahop/ipfs-lite/mobile/datahop.go:130.2,130.23 1 1
github.com/datahop/ipfs-lite/mobile/datahop.go:127.16,129.3 1 0
github.com/datahop/ipfs-lite/mobile/datahop.go:134.20,135.16 1 11
github.com/datahop/ipfs-lite/mobile/datahop.go:138.2,141.12 4 11
github.com/datahop/ipfs-lite/mobile/datahop.go:166.2,168.12 3 11
github.com/datahop/ipfs-lite/mobile/datahop.go:135.16,137.3 1 0
github.com/datahop/ipfs-lite/mobile/datahop.go:141.12,143.17 2 11
github.com/datahop/ipfs-lite/mobile/datahop.go:147.3,151.17 5 11
github.com/datahop/ipfs-lite/mobile/datahop.go:155.3,155.52 1 11
github.com/datahop/ipfs-lite/mobile/datahop.go:158.3,161.10 3 11
github.com/datahop/ipfs-lite/mobile/datahop.go:143.17,146.4 2 0
github.com/datahop/ipfs-lite/mobile/datahop.go:151.17,154.4 2 0
github.com/datahop/ipfs-lite/mobile/datahop.go:155.52,157.4 1 11
github.com/datahop/ipfs-lite/mobile/datahop.go:162.30,163.32 1 11
github.com/datahop/ipfs-lite/mobile/datahop.go:172.47,176.29 3 0
github.com/datahop/ipfs-lite/mobile/datahop.go:182.2,182.12 1 0
github.com/datahop/ipfs-lite/mobile/datahop.go:176.29,178.17 2 0
github.com/datahop/ipfs-lite/mobile/datahop.go:178.17,180.4 1 0
github.com/datahop/ipfs-lite/mobile/datahop.go:186.59,189.16 3 0
github.com/datahop/ipfs-lite/mobile/datahop.go:192.2,193.16 2 0
github.com/datahop/ipfs-lite/mobile/datahop.go:196.2,196.12 1 0
github.com/datahop/ipfs-lite/mobile/datahop.go:189.16,191.3 1 0
github.com/datahop/ipfs-lite/mobile/datahop.go:193.16,195.3 1 0
github.com/datahop/ipfs-lite/mobile/datahop.go:200.49,203.16 3 0
github.com/datahop/ipfs-lite/mobile/datahop.go:206.2,207.12 2 0
github.com/datahop/ipfs-lite/mobile/datahop.go:203.16,205.3 1 0
github.com/datahop/ipfs-lite/mobile/datahop.go:211.24,212.25 1 0
github.com/datahop/ipfs-lite/mobile/datahop.go:226.2,226.33 1 0
github.com/datahop/ipfs-lite/mobile/datahop.go:212.25,213.22 1 0
github.com/datahop/ipfs-lite/mobile/datahop.go:224.3,224.39 1 0
github.com/datahop/ipfs-lite/mobile/datahop.go:213.22,219.18 3 0
github.com/datahop/ipfs-lite/mobile/datahop.go:222.4,222.22 1 0
github.com/datahop/ipfs-lite/mobile/datahop.go:219.18,221.5 1 0
github.com/datahop/ipfs-lite/mobile/datahop.go:230.18,232.2 1 0
github.com/datahop/ipfs-lite/mobile/datahop.go:235.21,236.25 1 0
github.com/datahop/ipfs-lite/mobile/datahop.go:248.2,248.37 1 0
github.com/datahop/ipfs-lite/mobile/datahop.go:236.25,238.22 2 0
github.com/datahop/ipfs-lite/mobile/datahop.go:246.3,246.39 1 0
github.com/datahop/ipfs-lite/mobile/datahop.go:238.22,239.44 1 0
github.com/datahop/ipfs-lite/mobile/datahop.go:244.4,244.35 1 0
github.com/datahop/ipfs-lite/mobile/datahop.go:239.44,240.46 1 0
github.com/datahop/ipfs-lite/mobile/datahop.go:240.46,242.6 1 0
github.com/datahop/ipfs-lite/mobile/datahop.go:254.30,255.25 1 0
github.com/datahop/ipfs-lite/mobile/datahop.go:270.2,270.37 1 0
github.com/datahop/ipfs-lite/mobile/datahop.go:255.25,257.22 2 0
github.com/datahop/ipfs-lite/mobile/datahop.go:268.3,268.39 1 0
github.com/datahop/ipfs-lite/mobile/datahop.go:257.22,259.18 2 0
github.com/datahop/ipfs-lite/mobile/datahop.go:266.4,266.35 1 0
github.com/datahop/ipfs-lite/mobile/datahop.go:259.18,260.38 1 0
github.com/datahop/ipfs-lite/mobile/datahop.go:260.38,261.47 1 0
github.com/datahop/ipfs-lite/mobile/datahop.go:261.47,263.7 1 0
github.com/datahop/ipfs-lite/mobile/datahop.go:274.26,275.35 1 20
github.com/datahop/ipfs-lite/mobile/datahop.go:278.2,278.14 1 0
github.com/datahop/ipfs-lite/mobile/datahop.go:275.35,277.3 1 20
github.com/datahop/ipfs-lite/mobile/datahop.go:282.21,283.35 1 0
github.com/datahop/ipfs-lite/mobile/datahop.go:286.2,286.29 1 0
github.com/datahop/ipfs-lite/mobile/datahop.go:283.35,285.3 1 0
github.com/datahop/ipfs-lite/mobile/datahop.go:290.38,291.35 1 10
github.com/datahop/ipfs-lite/mobile/datahop.go:308.2,308.60 1 0
github.com/datahop/ipfs-lite/mobile/datahop.go:291.35,292.32 1 10
github.com/datahop/ipfs-lite/mobile/datahop.go:295.3,297.17 3 10
github.com/datahop/ipfs-lite/mobile/datahop.go:301.3,303.17 3 10
github.com/datahop/ipfs-lite/mobile/datahop.go:306.3,306.13 1 10
github.com/datahop/ipfs-lite/mobile/datahop.go:292.32,294.4 1 0
github.com/datahop/ipfs-lite/mobile/datahop.go:297.17,299.4 1 0
github.com/datahop/ipfs-lite/mobile/datahop.go:303.17,305.4 1 0
github.com/datahop/ipfs-lite/mobile/datahop.go:312.53,313.35 1 0
github.com/datahop/ipfs-lite/mobile/datahop.go:332.2,332.70 1 0
github.com/datahop/ipfs-lite/mobile/datahop.go:313.35,314.32 1 0
github.com/datahop/ipfs-lite/mobile/datahop.go:317.3,319.17 3 0
github.com/datahop/ipfs-lite/mobile/datahop.go:322.3,327.17 3 0
github.com/datahop/ipfs-lite/mobile/datahop.go:330.3,330.19 1 0
github.com/datahop/ipfs-lite/mobile/datahop.go:314.32,316.4 1 0
github.com/datahop/ipfs-lite/mobile/datahop.go:319.17,321.4 1 0
github.com/datahop/ipfs-lite/mobile/datahop.go:327.17,329.4 1 0
github.com/datahop/ipfs-lite/mobile/datahop.go:336.45,337.35 1 1
github.com/datahop/ipfs-lite/mobile/datahop.go:358.2,358.70 1 0
github.com/datahop/ipfs-lite/mobile/datahop.go:337.35,338.32 1 1
github.com/datahop/ipfs-lite/mobile/datahop.go:341.3,343.17 3 1
github.com/datahop/ipfs-lite/mobile/datahop.go:346.3,346.33 1 1
github.com/datahop/ipfs-lite/mobile/datahop.go:352.3,353.17 2 1
github.com/datahop/ipfs-lite/mobile/datahop.go:356.3,356.22 1 1
github.com/datahop/ipfs-lite/mobile/datahop.go:338.32,340.4 1 0
github.com/datahop/ipfs-lite/mobile/datahop.go:343.17,345.4 1 0
github.com/datahop/ipfs-lite/mobile/datahop.go:346.33,351.4 1 10
github.com/datahop/ipfs-lite/mobile/datahop.go:353.17,355.4 1 0
github.com/datahop/ipfs-lite/mobile/datahop.go:362.42,363.35 1 0
github.com/datahop/ipfs-lite/mobile/datahop.go:373.2,373.60 1 0
github.com/datahop/ipfs-lite/mobile/datahop.go:363.35,364.32 1 0
github.com/datahop/ipfs-lite/mobile/datahop.go:367.3,369.17 3 0
github.com/datahop/ipfs-lite/mobile/datahop.go:364.32,366.4 1 0
github.com/datahop/ipfs-lite/mobile/datahop.go:369.17,371.4 1 0
github.com/datahop/ipfs-lite/mobile/datahop.go:377.23,379.2 1 0
github.com/datahop/ipfs-lite/mobile/datahop.go:382.13,384.9 2 11
github.com/datahop/ipfs-lite/mobile/datahop.go:385.26,385.26 0 11
github.com/datahop/ipfs-lite/mobile/datahop.go:386.37,386.37 0 0
github.com/datahop/ipfs-lite/mobile/datahop.go:391.14,397.2 2 3
github.com/datahop/ipfs-lite/mobile/datahop.go:399.43,401.2 1 0
github.com/datahop/ipfs-lite/mobile/datahop.go:403.41,405.2 1 0
github.com/datahop/ipfs-lite/mobile/datahop.go:407.51,409.2 1 0
github.com/datahop/ipfs-lite/mobile/datahop.go:411.57,413.2 1 0
github.com/datahop/ipfs-lite/mobile/blediscovery.go:38.212,41.22 2 11
github.com/datahop/ipfs-lite/mobile/blediscovery.go:44.2,57.26 3 11
github.com/datahop/ipfs-lite/mobile/blediscovery.go:41.22,43.3 1 0
github.com/datahop/ipfs-lite/mobile/blediscovery.go:60.39,63.2 2 11
github.com/datahop/ipfs-lite/mobile/blediscovery.go:65.77,70.2 4 0
github.com/datahop/ipfs-lite/mobile/blediscovery.go:72.70,74.31 2 0
github.com/datahop/ipfs-lite/mobile/blediscovery.go:77.2,77.15 1 0
github.com/datahop/ipfs-lite/mobile/blediscovery.go:74.31,76.3 1 0
github.com/datahop/ipfs-lite/mobile/blediscovery.go:80.45,85.2 4 0
github.com/datahop/ipfs-lite/mobile/blediscovery.go:86.58,90.2 3 11
github.com/datahop/ipfs-lite/mobile/blediscovery.go:92.60,95.35 3 0
github.com/datahop/ipfs-lite/mobile/blediscovery.go:101.2,101.17 1 0
github.com/datahop/ipfs-lite/mobile/blediscovery.go:104.2,104.15 1 0
github.com/datahop/ipfs-lite/mobile/blediscovery.go:95.35,96.17 1 0
github.com/datahop/ipfs-lite/mobile/blediscovery.go:96.17,98.9 2 0
github.com/datahop/ipfs-lite/mobile/blediscovery.go:101.17,103.3 1 0
github.com/datahop/ipfs-lite/mobile/blediscovery.go:107.61,109.2 1 0
github.com/datahop/ipfs-lite/mobile/blediscovery.go:111.85,114.2 1 0
github.com/datahop/ipfs-lite/mobile/blediscovery.go:116.136,120.2 3 0
github.com/datahop/ipfs-lite/mobile/blediscovery.go:122.54,125.2 2 0
github.com/datahop/ipfs-lite/mobile/blediscovery.go:127.85,134.2 4 0
github.com/datahop/ipfs-lite/mobile/blediscovery.go:136.53,141.2 3 0
github.com/datahop/ipfs-lite/mobile/blediscovery.go:143.61,147.2 2 0
github.com/datahop/ipfs-lite/mobile/blediscovery.go:149.46,151.2 1 0
github.com/datahop/ipfs-lite/mobile/blediscovery.go:153.43,155.2 1 0
github.com/datahop/ipfs-lite/mobile/blediscovery.go:157.51,159.2 1 0
github.com/datahop/ipfs-lite/mobile/blediscovery.go:161.47,163.2 1 0
github.com/datahop/ipfs-lite/mobile/blediscovery.go:165.55,167.2 1 0
github.com/datahop/ipfs-lite/mobile/blediscovery.go:169.90,172.2 2 0
github.com/datahop/ipfs-lite/mobile/blediscovery.go:174.57,176.2 1 0
github.com/datahop/ipfs-lite/ipfs.go:45.13,49.2 3 1
github.com/datahop/ipfs-lite/ipfs.go:87.54,88.26 1 0
github.com/datahop/ipfs-lite/ipfs.go:88.26,90.3 1 0
github.com/datahop/ipfs-lite/ipfs.go:94.61,95.26 1 12
github.com/datahop/ipfs-lite/ipfs.go:95.26,97.3 1 12
github.com/datahop/ipfs-lite/ipfs.go:101.37,102.26 1 0
github.com/datahop/ipfs-lite/ipfs.go:102.26,104.3 1 0
github.com/datahop/ipfs-lite/ipfs.go:108.37,109.26 1 0
github.com/datahop/ipfs-lite/ipfs.go:109.26,111.3 1 0
github.com/datahop/ipfs-lite/ipfs.go:114.41,115.26 1 0
github.com/datahop/ipfs-lite/ipfs.go:115.26,117.3 1 0
github.com/datahop/ipfs-lite/ipfs.go:120.42,121.26 1 12
github.com/datahop/ipfs-lite/ipfs.go:121.26,123.3 1 12
github.com/datahop/ipfs-lite/ipfs.go:135.32,144.2 1 13
github.com/datahop/ipfs-lite/ipfs.go:153.18,155.30 2 13
github.com/datahop/ipfs-lite/ipfs.go:158.2,159.16 2 13
github.com/datahop/ipfs-lite/ipfs.go:162.2,167.30 5 13
github.com/datahop/ipfs-lite/ipfs.go:172.2,179.16 2 13
github.com/datahop/ipfs-lite/ipfs.go:182.2,192.16 3 13
github.com/datahop/ipfs-lite/ipfs.go:195.2,196.16 2 13
github.com/datahop/ipfs-lite/ipfs.go:199.2,200.16 2 13
github.com/datahop/ipfs-lite/ipfs.go:204.2,204.22 1 13
github.com/datahop/ipfs-lite/ipfs.go:212.2,217.22 5 13
github.com/datahop/ipfs-lite/ipfs.go:228.2,228.15 1 13
github.com/datahop/ipfs-lite/ipfs.go:155.30,157.3 1 24
github.com/datahop/ipfs-lite/ipfs.go:159.16,161.3 1 0
github.com/datahop/ipfs-lite/ipfs.go:167.30,170.3 2 13
github.com/datahop/ipfs-lite/ipfs.go:179.16,181.3 1 0
github.com/datahop/ipfs-lite/ipfs.go:192.16,194.3 1 0
github.com/datahop/ipfs-lite/ipfs.go:196.16,198.3 1 0
github.com/datahop/ipfs-lite/ipfs.go:200.16,203.3 2 0
github.com/datahop/ipfs-lite/ipfs.go:204.22,206.17 2 13
github.com/datahop/ipfs-lite/ipfs.go:206.17,209.4 2 0
github.com/datahop/ipfs-lite/ipfs.go:217.22,220.17 2 13
github.com/datahop/ipfs-lite/ipfs.go:220.17,222.4 1 0
github.com/datahop/ipfs-lite/ipfs.go:222.9,225.4 2 13
github.com/datahop/ipfs-lite/ipfs.go:231.40,235.16 4 13
github.com/datahop/ipfs-lite/ipfs.go:238.2,239.12 2 13
github.com/datahop/ipfs-lite/ipfs.go:235.16,237.3 1 0
github.com/datahop/ipfs-lite/ipfs.go:242.42,247.2 4 13
github.com/datahop/ipfs-lite/ipfs.go:249.40,252.2 2 13
github.com/datahop/ipfs-lite/ipfs.go:254.52,256.16 2 13
github.com/datahop/ipfs-lite/ipfs.go:260.2,261.16 2 13
github.com/datahop/ipfs-lite/ipfs.go:265.2,268.53 4 13
github.com/datahop/ipfs-lite/ipfs.go:271.2,271.46 1 13
github.com/datahop/ipfs-lite/ipfs.go:275.2,276.16 2 13
github.com/datahop/ipfs-lite/ipfs.go:279.2,280.12 2 13
github.com/datahop/ipfs-lite/ipfs.go:256.16,258.3 1 0
github.com/datahop/ipfs-lite/ipfs.go:261.16,263.3 1 0
github.com/datahop/ipfs-lite/ipfs.go:268.53,270.3 1 4
github.com/datahop/ipfs-lite/ipfs.go:271.46,273.3 1 0
github.com/datahop/ipfs-lite/ipfs.go:276.16,278.3 1 0
github.com/datahop/ipfs-lite/ipfs.go:283.28,293.2 9 13
github.com/datahop/ipfs-lite/ipfs.go:300.49,304.30 3 12
github.com/datahop/ipfs-lite/ipfs.go:319.2,319.12 1 12
github.com/datahop/ipfs-lite/ipfs.go:324.2,325.22 2 12
github.com/datahop/ipfs-lite/ipfs.go:328.2,328.40 1 12
github.com/datahop/ipfs-lite/ipfs.go:332.2,333.16 2 12
github.com/datahop/ipfs-lite/ipfs.go:304.30,307.32 2 12
github.com/datahop/ipfs-lite/ipfs.go:307.32,310.18 3 12
github.com/datahop/ipfs-lite/ipfs.go:314.4,315.27 2 12
github.com/datahop/ipfs-lite/ipfs.go:310.18,313.5 2 0
github.com/datahop/ipfs-lite/ipfs.go:319.12,322.3 2 12
github.com/datahop/ipfs-lite/ipfs.go:325.22,327.3 1 12
github.com/datahop/ipfs-lite/ipfs.go:328.40,330.3 1 0
github.com/datahop/ipfs-lite/ipfs.go:333.16,336.3 2 0
github.com/datahop/ipfs-lite/ipfs.go:340.61,342.24 2 3
github.com/datahop/ipfs-lite/ipfs.go:345.2,345.11 1 3
github.com/datahop/ipfs-lite/ipfs.go:342.24,344.3 1 0
github.com/datahop/ipfs-lite/ipfs.go:363.96,364.19 1 1
github.com/datahop/ipfs-lite/ipfs.go:367.2,367.26 1 1
github.com/datahop/ipfs-lite/ipfs.go:371.2,372.16 2 1
github.com/datahop/ipfs-lite/ipfs.go:376.2,377.9 2 1
github.com/datahop/ipfs-lite/ipfs.go:380.2,392.16 5 1
github.com/datahop/ipfs-lite/ipfs.go:395.2,396.16 2 1
github.com/datahop/ipfs-lite/ipfs.go:400.2,401.23 2 1
github.com/datahop/ipfs-lite/ipfs.go:409.2,409.15 1 1
github.com/datahop/ipfs-lite/ipfs.go:364.19,366.3 1 1
github.com/datahop/ipfs-lite/ipfs.go:367.26,369.3 1 1
github.com/datahop/ipfs-lite/ipfs.go:372.16,374.3 1 0
github.com/datahop/ipfs-lite/ipfs.go:377.9,379.3 1 0
github.com/datahop/ipfs-lite/ipfs.go:392.16,394.3 1 0
github.com/datahop/ipfs-lite/ipfs.go:396.16,398.3 1 0
github.com/datahop/ipfs-lite/ipfs.go:402.17,403.31 1 0
github.com/datahop/ipfs-lite/ipfs.go:404.22,405.32 1 1
github.com/datahop/ipfs-lite/ipfs.go:406.10,407.43 1 0
github.com/datahop/ipfs-lite/ipfs.go:414.86,416.16 2 1
github.com/datahop/ipfs-lite/ipfs.go:419.2,419.38 1 1
github.com/datahop/ipfs-lite/ipfs.go:416.16,418.3 1 0
github.com/datahop/ipfs-lite/ipfs.go:423.51,425.2 1 12
github.com/datahop/ipfs-lite/ipfs.go:429.50,431.2 1 10
github.com/datahop/ipfs-lite/ipfs.go:437.69,438.19 1 1
github.com/datahop/ipfs-lite/ipfs.go:442.2,442.53 1 1
github.com/datahop/ipfs-lite/ipfs.go:445.2,445.61 1 1
github.com/datahop/ipfs-lite/ipfs.go:451.2,451.12 1 0
github.com/datahop/ipfs-lite/ipfs.go:438.19,440.3 1 0
github.com/datahop/ipfs-lite/ipfs.go:442.53,444.3 1 1
github.com/datahop/ipfs-lite/ipfs.go:445.61,446.49 1 1
github.com/datahop/ipfs-lite/ipfs.go:449.3,449.85 1 0
github.com/datahop/ipfs-lite/ipfs.go:446.49,448.4 1 1
github.com/datahop/ipfs-lite/ipfs.go:455.33,458.27 3 3
github.com/datahop/ipfs-lite/ipfs.go:461.2,461.17 1 3
github.com/datahop/ipfs-lite/ipfs.go:458.27,460.3 1 2
github.com/datahop/ipfs-lite/ipfs.go:465.51,466.19 1 1
github.com/datahop/ipfs-lite/ipfs.go:469.2,469.26 1 1
github.com/datahop/ipfs-lite/ipfs.go:472.2,473.48 2 1
github.com/datahop/ipfs-lite/ipfs.go:476.2,476.45 1 1
github.com/datahop/ipfs-lite/ipfs.go:480.2,480.46 1 1
github.com/datahop/ipfs-lite/ipfs.go:483.2,483.12 1 1
github.com/datahop/ipfs-lite/ipfs.go:466.19,468.3 1 0
github.com/datahop/ipfs-lite/ipfs.go:469.26,471.3 1 0
github.com/datahop/ipfs-lite/ipfs.go:473.48,475.3 1 0
github.com/datahop/ipfs-lite/ipfs.go:476.45,478.3 1 0
github.com/datahop/ipfs-lite/ipfs.go:480.46,482.3 1 0
github.com/datahop/ipfs-lite/ipfs.go:486.50,488.65 2 156
github.com/datahop/ipfs-lite/ipfs.go:488.65,490.3 1 87
github.com/datahop/ipfs-lite/ipfs.go:493.32,497.2 3 0
github.com/datahop/ipfs-lite/util.go:26.46,29.2 2 0
github.com/datahop/ipfs-lite/util.go:57.36,65.65 3 13
github.com/datahop/ipfs-lite/util.go:70.2,76.16 3 13
github.com/datahop/ipfs-lite/util.go:80.2,80.21 1 13
github.com/datahop/ipfs-lite/util.go:65.65,68.4 2 13
github.com/datahop/ipfs-lite/util.go:76.16,78.3 1 0
github.com/datahop/ipfs-lite/util.go:83.92,90.15 2 13
github.com/datahop/ipfs-lite/util.go:93.2,93.40 1 13
github.com/datahop/ipfs-lite/util.go:90.15,92.3 1 13
