mode: atomic
github.com/datahop/ipfs-lite/ipfs.go:45.13,52.2 6 1
github.com/datahop/ipfs-lite/ipfs.go:91.54,92.26 1 0
github.com/datahop/ipfs-lite/ipfs.go:92.26,94.3 1 0
github.com/datahop/ipfs-lite/ipfs.go:98.61,99.26 1 14
github.com/datahop/ipfs-lite/ipfs.go:99.26,101.3 1 14
github.com/datahop/ipfs-lite/ipfs.go:105.37,106.26 1 0
github.com/datahop/ipfs-lite/ipfs.go:106.26,108.3 1 0
github.com/datahop/ipfs-lite/ipfs.go:111.41,112.26 1 0
github.com/datahop/ipfs-lite/ipfs.go:112.26,114.3 1 0
github.com/datahop/ipfs-lite/ipfs.go:117.42,118.26 1 14
github.com/datahop/ipfs-lite/ipfs.go:118.26,120.3 1 14
github.com/datahop/ipfs-lite/ipfs.go:131.32,139.2 1 18
github.com/datahop/ipfs-lite/ipfs.go:148.18,150.30 2 18
github.com/datahop/ipfs-lite/ipfs.go:153.2,154.16 2 18
github.com/datahop/ipfs-lite/ipfs.go:157.2,162.30 5 17
github.com/datahop/ipfs-lite/ipfs.go:167.2,174.16 2 17
github.com/datahop/ipfs-lite/ipfs.go:177.2,187.16 3 17
github.com/datahop/ipfs-lite/ipfs.go:190.2,191.16 2 17
github.com/datahop/ipfs-lite/ipfs.go:194.2,195.16 2 17
github.com/datahop/ipfs-lite/ipfs.go:199.2,200.16 2 17
github.com/datahop/ipfs-lite/ipfs.go:204.2,211.22 6 17
github.com/datahop/ipfs-lite/ipfs.go:222.2,222.15 1 17
github.com/datahop/ipfs-lite/ipfs.go:150.30,152.3 1 28
github.com/datahop/ipfs-lite/ipfs.go:154.16,156.3 1 1
github.com/datahop/ipfs-lite/ipfs.go:162.30,165.3 2 17
github.com/datahop/ipfs-lite/ipfs.go:174.16,176.3 1 0
github.com/datahop/ipfs-lite/ipfs.go:187.16,189.3 1 0
github.com/datahop/ipfs-lite/ipfs.go:191.16,193.3 1 0
github.com/datahop/ipfs-lite/ipfs.go:195.16,198.3 2 0
github.com/datahop/ipfs-lite/ipfs.go:200.16,203.3 2 0
github.com/datahop/ipfs-lite/ipfs.go:211.22,214.17 2 17
github.com/datahop/ipfs-lite/ipfs.go:214.17,216.4 1 0
github.com/datahop/ipfs-lite/ipfs.go:216.9,219.4 2 17
github.com/datahop/ipfs-lite/ipfs.go:225.40,229.16 4 17
github.com/datahop/ipfs-lite/ipfs.go:232.2,233.12 2 17
github.com/datahop/ipfs-lite/ipfs.go:229.16,231.3 1 0
github.com/datahop/ipfs-lite/ipfs.go:236.42,241.2 4 17
github.com/datahop/ipfs-lite/ipfs.go:243.40,246.2 2 17
github.com/datahop/ipfs-lite/ipfs.go:248.52,250.16 2 17
github.com/datahop/ipfs-lite/ipfs.go:253.2,255.12 3 17
github.com/datahop/ipfs-lite/ipfs.go:250.16,252.3 1 0
github.com/datahop/ipfs-lite/ipfs.go:258.28,267.2 8 17
github.com/datahop/ipfs-lite/ipfs.go:274.49,278.30 3 14
github.com/datahop/ipfs-lite/ipfs.go:293.2,293.12 1 14
github.com/datahop/ipfs-lite/ipfs.go:298.2,299.22 2 14
github.com/datahop/ipfs-lite/ipfs.go:302.2,302.40 1 14
github.com/datahop/ipfs-lite/ipfs.go:306.2,307.16 2 14
github.com/datahop/ipfs-lite/ipfs.go:278.30,281.32 2 14
github.com/datahop/ipfs-lite/ipfs.go:281.32,284.18 3 14
github.com/datahop/ipfs-lite/ipfs.go:288.4,289.27 2 14
github.com/datahop/ipfs-lite/ipfs.go:284.18,287.5 2 0
github.com/datahop/ipfs-lite/ipfs.go:293.12,296.3 2 14
github.com/datahop/ipfs-lite/ipfs.go:299.22,301.3 1 14
github.com/datahop/ipfs-lite/ipfs.go:302.40,304.3 1 0
github.com/datahop/ipfs-lite/ipfs.go:307.16,310.3 2 0
github.com/datahop/ipfs-lite/ipfs.go:314.61,316.24 2 13
github.com/datahop/ipfs-lite/ipfs.go:319.2,319.11 1 13
github.com/datahop/ipfs-lite/ipfs.go:316.24,318.3 1 0
github.com/datahop/ipfs-lite/ipfs.go:337.96,338.19 1 23
github.com/datahop/ipfs-lite/ipfs.go:341.2,341.26 1 23
github.com/datahop/ipfs-lite/ipfs.go:345.2,346.16 2 23
github.com/datahop/ipfs-lite/ipfs.go:350.2,351.9 2 23
github.com/datahop/ipfs-lite/ipfs.go:354.2,366.16 5 23
github.com/datahop/ipfs-lite/ipfs.go:369.2,370.16 2 23
github.com/datahop/ipfs-lite/ipfs.go:374.2,375.23 2 23
github.com/datahop/ipfs-lite/ipfs.go:383.2,383.15 1 23
github.com/datahop/ipfs-lite/ipfs.go:338.19,340.3 1 23
github.com/datahop/ipfs-lite/ipfs.go:341.26,343.3 1 23
github.com/datahop/ipfs-lite/ipfs.go:346.16,348.3 1 0
github.com/datahop/ipfs-lite/ipfs.go:351.9,353.3 1 0
github.com/datahop/ipfs-lite/ipfs.go:366.16,368.3 1 0
github.com/datahop/ipfs-lite/ipfs.go:370.16,372.3 1 0
github.com/datahop/ipfs-lite/ipfs.go:376.17,377.31 1 0
github.com/datahop/ipfs-lite/ipfs.go:378.22,379.32 1 23
github.com/datahop/ipfs-lite/ipfs.go:380.10,381.43 1 0
github.com/datahop/ipfs-lite/ipfs.go:388.86,390.16 2 34
github.com/datahop/ipfs-lite/ipfs.go:393.2,393.38 1 34
github.com/datahop/ipfs-lite/ipfs.go:390.16,392.3 1 0
github.com/datahop/ipfs-lite/ipfs.go:397.51,399.2 1 48
github.com/datahop/ipfs-lite/ipfs.go:403.50,405.2 1 46
github.com/datahop/ipfs-lite/ipfs.go:411.69,412.19 1 1
github.com/datahop/ipfs-lite/ipfs.go:416.2,416.53 1 1
github.com/datahop/ipfs-lite/ipfs.go:419.2,419.61 1 1
github.com/datahop/ipfs-lite/ipfs.go:425.2,425.12 1 1
github.com/datahop/ipfs-lite/ipfs.go:412.19,414.3 1 0
github.com/datahop/ipfs-lite/ipfs.go:416.53,418.3 1 1
github.com/datahop/ipfs-lite/ipfs.go:419.61,420.49 1 0
github.com/datahop/ipfs-lite/ipfs.go:423.3,423.85 1 0
github.com/datahop/ipfs-lite/ipfs.go:420.49,422.4 1 0
github.com/datahop/ipfs-lite/ipfs.go:429.33,432.27 3 4
github.com/datahop/ipfs-lite/ipfs.go:435.2,435.17 1 4
github.com/datahop/ipfs-lite/ipfs.go:432.27,434.3 1 3
github.com/datahop/ipfs-lite/ipfs.go:439.51,440.19 1 1
github.com/datahop/ipfs-lite/ipfs.go:443.2,443.26 1 1
github.com/datahop/ipfs-lite/ipfs.go:446.2,447.48 2 1
github.com/datahop/ipfs-lite/ipfs.go:450.2,450.45 1 1
github.com/datahop/ipfs-lite/ipfs.go:454.2,454.46 1 1
github.com/datahop/ipfs-lite/ipfs.go:457.2,457.12 1 1
github.com/datahop/ipfs-lite/ipfs.go:440.19,442.3 1 0
github.com/datahop/ipfs-lite/ipfs.go:443.26,445.3 1 0
github.com/datahop/ipfs-lite/ipfs.go:447.48,449.3 1 0
github.com/datahop/ipfs-lite/ipfs.go:450.45,452.3 1 0
github.com/datahop/ipfs-lite/ipfs.go:454.46,456.3 1 0
github.com/datahop/ipfs-lite/ipfs.go:461.50,464.16 3 578
github.com/datahop/ipfs-lite/ipfs.go:464.16,466.3 1 560
github.com/datahop/ipfs-lite/ipfs.go:469.32,473.2 3 0
github.com/datahop/ipfs-lite/util.go:26.46,29.2 2 0
github.com/datahop/ipfs-lite/util.go:57.36,65.65 3 17
github.com/datahop/ipfs-lite/util.go:70.2,76.16 3 17
github.com/datahop/ipfs-lite/util.go:80.2,80.21 1 17
github.com/datahop/ipfs-lite/util.go:65.65,68.4 2 17
github.com/datahop/ipfs-lite/util.go:76.16,78.3 1 0
github.com/datahop/ipfs-lite/util.go:83.92,90.15 2 17
github.com/datahop/ipfs-lite/util.go:93.2,93.40 1 17
github.com/datahop/ipfs-lite/util.go:90.15,92.3 1 17
github.com/datahop/ipfs-lite/internal/config/config.go:39.51,41.16 2 2
github.com/datahop/ipfs-lite/internal/config/config.go:44.2,45.22 2 2
github.com/datahop/ipfs-lite/internal/config/config.go:48.2,54.18 2 2
github.com/datahop/ipfs-lite/internal/config/config.go:41.16,43.3 1 0
github.com/datahop/ipfs-lite/internal/config/config.go:45.22,47.3 1 1
github.com/datahop/ipfs-lite/internal/config/config.go:57.50,60.16 3 2
github.com/datahop/ipfs-lite/internal/config/config.go:63.2,64.16 2 2
github.com/datahop/ipfs-lite/internal/config/config.go:67.2,69.16 3 2
github.com/datahop/ipfs-lite/internal/config/config.go:72.2,73.19 2 2
github.com/datahop/ipfs-lite/internal/config/config.go:60.16,62.3 1 0
github.com/datahop/ipfs-lite/internal/config/config.go:64.16,66.3 1 0
github.com/datahop/ipfs-lite/internal/config/config.go:69.16,71.3 1 0
github.com/datahop/ipfs-lite/internal/config/config.go:76.50,82.2 1 2
github.com/datahop/ipfs-lite/internal/replication/replication.go:43.21,45.16 2 1
github.com/datahop/ipfs-lite/internal/replication/replication.go:49.2,50.16 2 1
github.com/datahop/ipfs-lite/internal/replication/replication.go:53.2,57.53 5 1
github.com/datahop/ipfs-lite/internal/replication/replication.go:68.2,68.46 1 1
github.com/datahop/ipfs-lite/internal/replication/replication.go:72.2,73.16 2 1
github.com/datahop/ipfs-lite/internal/replication/replication.go:77.2,82.8 1 1
github.com/datahop/ipfs-lite/internal/replication/replication.go:45.16,47.3 1 0
github.com/datahop/ipfs-lite/internal/replication/replication.go:50.16,52.3 1 0
github.com/datahop/ipfs-lite/internal/replication/replication.go:57.53,64.17 7 1
github.com/datahop/ipfs-lite/internal/replication/replication.go:64.17,66.4 1 0
github.com/datahop/ipfs-lite/internal/replication/replication.go:68.46,71.3 1 0
github.com/datahop/ipfs-lite/internal/replication/replication.go:73.16,75.3 1 0
github.com/datahop/ipfs-lite/internal/replication/replication.go:85.33,88.2 2 1
github.com/datahop/ipfs-lite/internal/replication/replication.go:90.53,93.16 3 1
github.com/datahop/ipfs-lite/internal/replication/replication.go:96.2,96.12 1 1
github.com/datahop/ipfs-lite/internal/replication/replication.go:93.16,95.3 1 0
github.com/datahop/ipfs-lite/internal/replication/replication.go:99.56,101.16 2 1
github.com/datahop/ipfs-lite/internal/replication/replication.go:104.2,104.30 1 1
github.com/datahop/ipfs-lite/internal/replication/replication.go:101.16,103.3 1 0
github.com/datahop/ipfs-lite/internal/replication/replication.go:107.58,109.2 1 1
github.com/datahop/ipfs-lite/internal/replication/replication.go:111.58,113.2 1 1
github.com/datahop/ipfs-lite/internal/replication/replication.go:115.56,117.2 1 0
github.com/datahop/ipfs-lite/internal/replication/replication.go:119.41,120.20 1 1
github.com/datahop/ipfs-lite/internal/replication/replication.go:120.20,122.7 1 1
github.com/datahop/ipfs-lite/internal/replication/replication.go:122.7,123.11 1 2
github.com/datahop/ipfs-lite/internal/replication/replication.go:124.24,125.18 1 0
github.com/datahop/ipfs-lite/internal/replication/replication.go:126.30,129.19 3 2
github.com/datahop/ipfs-lite/internal/replication/replication.go:133.5,134.19 2 1
github.com/datahop/ipfs-lite/internal/replication/replication.go:129.19,131.14 2 1
github.com/datahop/ipfs-lite/internal/replication/replication.go:134.19,136.6 1 0
github.com/datahop/ipfs-lite/internal/repo/repo.go:69.51,78.14 3 2
github.com/datahop/ipfs-lite/internal/repo/repo.go:81.2,81.22 1 1
github.com/datahop/ipfs-lite/internal/repo/repo.go:78.14,80.3 1 1
github.com/datahop/ipfs-lite/internal/repo/repo.go:84.32,86.2 1 7
github.com/datahop/ipfs-lite/internal/repo/repo.go:88.40,93.2 3 1
github.com/datahop/ipfs-lite/internal/repo/repo.go:95.30,100.2 3 3
github.com/datahop/ipfs-lite/internal/repo/repo.go:102.40,108.2 4 1
github.com/datahop/ipfs-lite/internal/repo/repo.go:110.32,115.2 3 6
github.com/datahop/ipfs-lite/internal/repo/repo.go:117.32,119.16 2 7
github.com/datahop/ipfs-lite/internal/repo/repo.go:122.2,123.27 2 7
github.com/datahop/ipfs-lite/internal/repo/repo.go:119.16,121.3 1 0
github.com/datahop/ipfs-lite/internal/repo/repo.go:127.45,134.37 3 8
github.com/datahop/ipfs-lite/internal/repo/repo.go:138.2,139.16 2 8
github.com/datahop/ipfs-lite/internal/repo/repo.go:142.2,142.51 1 8
github.com/datahop/ipfs-lite/internal/repo/repo.go:145.2,145.49 1 8
github.com/datahop/ipfs-lite/internal/repo/repo.go:148.2,148.12 1 8
github.com/datahop/ipfs-lite/internal/repo/repo.go:134.37,136.3 1 0
github.com/datahop/ipfs-lite/internal/repo/repo.go:139.16,141.3 1 0
github.com/datahop/ipfs-lite/internal/repo/repo.go:142.51,144.3 1 0
github.com/datahop/ipfs-lite/internal/repo/repo.go:145.49,147.3 1 0
github.com/datahop/ipfs-lite/internal/repo/repo.go:153.42,155.2 1 7
github.com/datahop/ipfs-lite/internal/repo/repo.go:157.42,162.16 4 7
github.com/datahop/ipfs-lite/internal/repo/repo.go:166.2,167.16 2 7
github.com/datahop/ipfs-lite/internal/repo/repo.go:170.2,171.15 2 7
github.com/datahop/ipfs-lite/internal/repo/repo.go:178.2,178.39 1 7
github.com/datahop/ipfs-lite/internal/repo/repo.go:181.2,181.42 1 7
github.com/datahop/ipfs-lite/internal/repo/repo.go:184.2,184.38 1 7
github.com/datahop/ipfs-lite/internal/repo/repo.go:188.2,190.15 3 6
github.com/datahop/ipfs-lite/internal/repo/repo.go:162.16,164.3 1 0
github.com/datahop/ipfs-lite/internal/repo/repo.go:167.16,169.3 1 0
github.com/datahop/ipfs-lite/internal/repo/repo.go:171.15,173.18 1 7
github.com/datahop/ipfs-lite/internal/repo/repo.go:173.18,175.4 1 1
github.com/datahop/ipfs-lite/internal/repo/repo.go:178.39,180.3 1 0
github.com/datahop/ipfs-lite/internal/repo/repo.go:181.42,183.3 1 0
github.com/datahop/ipfs-lite/internal/repo/repo.go:184.38,187.3 2 1
github.com/datahop/ipfs-lite/internal/repo/repo.go:193.40,195.16 2 7
github.com/datahop/ipfs-lite/internal/repo/repo.go:198.2,199.12 2 7
github.com/datahop/ipfs-lite/internal/repo/repo.go:195.16,197.3 1 0
github.com/datahop/ipfs-lite/internal/repo/repo.go:204.62,206.2 1 7
github.com/datahop/ipfs-lite/internal/repo/repo.go:208.47,210.16 2 7
github.com/datahop/ipfs-lite/internal/repo/repo.go:214.2,214.36 1 7
github.com/datahop/ipfs-lite/internal/repo/repo.go:210.16,212.3 1 0
github.com/datahop/ipfs-lite/internal/repo/repo.go:217.56,219.16 2 8
github.com/datahop/ipfs-lite/internal/repo/repo.go:222.2,223.16 2 8
github.com/datahop/ipfs-lite/internal/repo/repo.go:227.2,228.16 2 8
github.com/datahop/ipfs-lite/internal/repo/repo.go:231.2,233.23 2 8
github.com/datahop/ipfs-lite/internal/repo/repo.go:219.16,221.3 1 0
github.com/datahop/ipfs-lite/internal/repo/repo.go:223.16,225.3 1 0
github.com/datahop/ipfs-lite/internal/repo/repo.go:228.16,230.3 1 0
github.com/datahop/ipfs-lite/internal/repo/repo.go:236.42,238.16 2 10
github.com/datahop/ipfs-lite/internal/repo/repo.go:241.2,244.12 3 10
github.com/datahop/ipfs-lite/internal/repo/repo.go:238.16,240.3 1 0
github.com/datahop/ipfs-lite/internal/repo/repo.go:249.56,251.2 1 24
github.com/datahop/ipfs-lite/internal/repo/repo.go:254.51,257.16 2 8
github.com/datahop/ipfs-lite/internal/repo/repo.go:260.2,261.12 2 8
github.com/datahop/ipfs-lite/internal/repo/repo.go:257.16,259.3 1 0
github.com/datahop/ipfs-lite/internal/repo/repo.go:265.37,267.16 2 7
github.com/datahop/ipfs-lite/internal/repo/repo.go:270.2,271.12 2 7
github.com/datahop/ipfs-lite/internal/repo/repo.go:267.16,269.3 1 0
github.com/datahop/ipfs-lite/internal/repo/repo.go:275.36,277.24 2 7
github.com/datahop/ipfs-lite/internal/repo/repo.go:289.2,291.16 3 7
github.com/datahop/ipfs-lite/internal/repo/repo.go:295.2,296.16 2 7
github.com/datahop/ipfs-lite/internal/repo/repo.go:299.2,300.12 2 6
github.com/datahop/ipfs-lite/internal/repo/repo.go:277.24,279.17 2 1
github.com/datahop/ipfs-lite/internal/repo/repo.go:282.3,283.17 2 1
github.com/datahop/ipfs-lite/internal/repo/repo.go:279.17,281.4 1 0
github.com/datahop/ipfs-lite/internal/repo/repo.go:283.17,285.4 1 0
github.com/datahop/ipfs-lite/internal/repo/repo.go:286.8,286.23 1 6
github.com/datahop/ipfs-lite/internal/repo/repo.go:286.23,288.3 1 0
github.com/datahop/ipfs-lite/internal/repo/repo.go:291.16,293.3 1 0
github.com/datahop/ipfs-lite/internal/repo/repo.go:296.16,298.3 1 1
github.com/datahop/ipfs-lite/internal/repo/repo.go:303.63,306.16 3 7
github.com/datahop/ipfs-lite/internal/repo/repo.go:309.2,310.16 2 7
github.com/datahop/ipfs-lite/internal/repo/repo.go:313.2,314.56 2 7
github.com/datahop/ipfs-lite/internal/repo/repo.go:317.2,317.8 1 7
github.com/datahop/ipfs-lite/internal/repo/repo.go:306.16,308.3 1 0
github.com/datahop/ipfs-lite/internal/repo/repo.go:310.16,312.3 1 0
github.com/datahop/ipfs-lite/internal/repo/repo.go:314.56,316.3 1 0
github.com/datahop/ipfs-lite/internal/repo/repo.go:322.44,324.16 2 8
github.com/datahop/ipfs-lite/internal/repo/repo.go:328.2,329.54 2 8
github.com/datahop/ipfs-lite/internal/repo/repo.go:332.2,332.14 1 8
github.com/datahop/ipfs-lite/internal/repo/repo.go:324.16,326.3 1 0
github.com/datahop/ipfs-lite/internal/repo/repo.go:329.54,331.3 1 0
github.com/datahop/ipfs-lite/internal/repo/repo.go:337.50,339.2 1 8
github.com/datahop/ipfs-lite/mobile/datahop.go:44.64,44.65 0 0
github.com/datahop/ipfs-lite/mobile/datahop.go:45.64,45.65 0 19
github.com/datahop/ipfs-lite/mobile/datahop.go:46.67,47.21 1 20
github.com/datahop/ipfs-lite/mobile/datahop.go:47.21,49.3 1 20
github.com/datahop/ipfs-lite/mobile/datahop.go:51.70,52.21 1 20
github.com/datahop/ipfs-lite/mobile/datahop.go:52.21,54.3 1 20
github.com/datahop/ipfs-lite/mobile/datahop.go:56.73,56.74 0 82
github.com/datahop/ipfs-lite/mobile/datahop.go:57.73,57.74 0 82
github.com/datahop/ipfs-lite/mobile/datahop.go:61.66,64.16 3 0
github.com/datahop/ipfs-lite/mobile/datahop.go:67.2,67.36 1 0
github.com/datahop/ipfs-lite/mobile/datahop.go:64.16,66.3 1 0
github.com/datahop/ipfs-lite/mobile/datahop.go:87.13,90.2 2 1
github.com/datahop/ipfs-lite/mobile/datahop.go:101.9,103.16 2 12
github.com/datahop/ipfs-lite/mobile/datahop.go:106.2,108.16 3 12
github.com/datahop/ipfs-lite/mobile/datahop.go:112.2,113.16 2 12
github.com/datahop/ipfs-lite/mobile/datahop.go:117.2,134.16 5 12
github.com/datahop/ipfs-lite/mobile/datahop.go:138.2,138.48 1 12
github.com/datahop/ipfs-lite/mobile/datahop.go:142.2,142.12 1 12
github.com/datahop/ipfs-lite/mobile/datahop.go:103.16,105.3 1 0
github.com/datahop/ipfs-lite/mobile/datahop.go:108.16,111.3 2 0
github.com/datahop/ipfs-lite/mobile/datahop.go:113.16,116.3 2 0
github.com/datahop/ipfs-lite/mobile/datahop.go:134.16,137.3 2 0
github.com/datahop/ipfs-lite/mobile/datahop.go:138.48,141.3 2 12
github.com/datahop/ipfs-lite/mobile/datahop.go:146.18,148.2 1 3
github.com/datahop/ipfs-lite/mobile/datahop.go:151.33,153.16 2 1
github.com/datahop/ipfs-lite/mobile/datahop.go:156.2,156.23 1 1
github.com/datahop/ipfs-lite/mobile/datahop.go:153.16,155.3 1 0
github.com/datahop/ipfs-lite/mobile/datahop.go:160.20,161.16 1 19
github.com/datahop/ipfs-lite/mobile/datahop.go:164.2,167.12 4 19
github.com/datahop/ipfs-lite/mobile/datahop.go:183.2,185.12 3 19
github.com/datahop/ipfs-lite/mobile/datahop.go:161.16,163.3 1 0
github.com/datahop/ipfs-lite/mobile/datahop.go:167.12,169.17 2 19
github.com/datahop/ipfs-lite/mobile/datahop.go:174.3,178.10 4 19
github.com/datahop/ipfs-lite/mobile/datahop.go:169.17,173.4 3 0
github.com/datahop/ipfs-lite/mobile/datahop.go:179.30,180.32 1 19
github.com/datahop/ipfs-lite/mobile/datahop.go:188.29,189.28 1 1
github.com/datahop/ipfs-lite/mobile/datahop.go:189.28,193.3 3 1
github.com/datahop/ipfs-lite/mobile/datahop.go:193.8,195.3 1 0
github.com/datahop/ipfs-lite/mobile/datahop.go:199.47,203.29 3 8
github.com/datahop/ipfs-lite/mobile/datahop.go:209.2,209.12 1 8
github.com/datahop/ipfs-lite/mobile/datahop.go:203.29,205.17 2 8
github.com/datahop/ipfs-lite/mobile/datahop.go:205.17,207.4 1 0
github.com/datahop/ipfs-lite/mobile/datahop.go:213.59,216.16 3 1
github.com/datahop/ipfs-lite/mobile/datahop.go:219.2,220.16 2 1
github.com/datahop/ipfs-lite/mobile/datahop.go:223.2,223.12 1 1
github.com/datahop/ipfs-lite/mobile/datahop.go:216.16,218.3 1 0
github.com/datahop/ipfs-lite/mobile/datahop.go:220.16,222.3 1 0
github.com/datahop/ipfs-lite/mobile/datahop.go:227.49,230.16 3 1
github.com/datahop/ipfs-lite/mobile/datahop.go:233.2,234.12 2 1
github.com/datahop/ipfs-lite/mobile/datahop.go:230.16,232.3 1 0
github.com/datahop/ipfs-lite/mobile/datahop.go:238.24,239.25 1 1
github.com/datahop/ipfs-lite/mobile/datahop.go:258.2,258.33 1 0
github.com/datahop/ipfs-lite/mobile/datahop.go:239.25,240.22 1 1
github.com/datahop/ipfs-lite/mobile/datahop.go:256.3,256.39 1 0
github.com/datahop/ipfs-lite/mobile/datahop.go:240.22,243.18 3 1
github.com/datahop/ipfs-lite/mobile/datahop.go:246.4,251.18 3 1
github.com/datahop/ipfs-lite/mobile/datahop.go:254.4,254.22 1 1
github.com/datahop/ipfs-lite/mobile/datahop.go:243.18,245.5 1 1
github.com/datahop/ipfs-lite/mobile/datahop.go:251.18,253.5 1 0
github.com/datahop/ipfs-lite/mobile/datahop.go:262.18,264.2 1 1
github.com/datahop/ipfs-lite/mobile/datahop.go:267.21,268.25 1 2
github.com/datahop/ipfs-lite/mobile/datahop.go:280.2,280.37 1 1
github.com/datahop/ipfs-lite/mobile/datahop.go:268.25,270.22 2 6
github.com/datahop/ipfs-lite/mobile/datahop.go:278.3,278.39 1 5
github.com/datahop/ipfs-lite/mobile/datahop.go:270.22,271.44 1 1
github.com/datahop/ipfs-lite/mobile/datahop.go:276.4,276.35 1 1
github.com/datahop/ipfs-lite/mobile/datahop.go:271.44,272.46 1 2
github.com/datahop/ipfs-lite/mobile/datahop.go:272.46,274.6 1 2
github.com/datahop/ipfs-lite/mobile/datahop.go:286.30,287.25 1 2
github.com/datahop/ipfs-lite/mobile/datahop.go:302.2,302.37 1 1
github.com/datahop/ipfs-lite/mobile/datahop.go:287.25,289.22 2 6
github.com/datahop/ipfs-lite/mobile/datahop.go:300.3,300.39 1 5
github.com/datahop/ipfs-lite/mobile/datahop.go:289.22,291.18 2 1
github.com/datahop/ipfs-lite/mobile/datahop.go:298.4,298.35 1 1
github.com/datahop/ipfs-lite/mobile/datahop.go:291.18,292.38 1 1
github.com/datahop/ipfs-lite/mobile/datahop.go:292.38,293.47 1 3
github.com/datahop/ipfs-lite/mobile/datahop.go:293.47,295.7 1 3
github.com/datahop/ipfs-lite/mobile/datahop.go:306.26,307.35 1 20
github.com/datahop/ipfs-lite/mobile/datahop.go:310.2,310.14 1 0
github.com/datahop/ipfs-lite/mobile/datahop.go:307.35,309.3 1 20
github.com/datahop/ipfs-lite/mobile/datahop.go:314.21,315.64 1 7
github.com/datahop/ipfs-lite/mobile/datahop.go:318.2,318.25 1 1
github.com/datahop/ipfs-lite/mobile/datahop.go:315.64,317.3 1 6
github.com/datahop/ipfs-lite/mobile/datahop.go:322.44,323.35 1 10
github.com/datahop/ipfs-lite/mobile/datahop.go:335.2,335.60 1 0
github.com/datahop/ipfs-lite/mobile/datahop.go:323.35,326.17 3 10
github.com/datahop/ipfs-lite/mobile/datahop.go:329.3,330.17 2 10
github.com/datahop/ipfs-lite/mobile/datahop.go:333.3,333.13 1 10
github.com/datahop/ipfs-lite/mobile/datahop.go:326.17,328.4 1 0
github.com/datahop/ipfs-lite/mobile/datahop.go:330.17,332.4 1 0
github.com/datahop/ipfs-lite/mobile/datahop.go:339.38,340.35 1 1
github.com/datahop/ipfs-lite/mobile/datahop.go:355.2,355.65 1 0
github.com/datahop/ipfs-lite/mobile/datahop.go:340.35,342.17 2 1
github.com/datahop/ipfs-lite/mobile/datahop.go:345.3,346.17 2 1
github.com/datahop/ipfs-lite/mobile/datahop.go:349.3,350.17 2 1
github.com/datahop/ipfs-lite/mobile/datahop.go:353.3,353.22 1 1
github.com/datahop/ipfs-lite/mobile/datahop.go:342.17,344.4 1 0
github.com/datahop/ipfs-lite/mobile/datahop.go:346.17,348.4 1 0
github.com/datahop/ipfs-lite/mobile/datahop.go:350.17,352.4 1 0
github.com/datahop/ipfs-lite/mobile/datahop.go:359.23,361.2 1 0
github.com/datahop/ipfs-lite/mobile/datahop.go:364.13,366.9 2 19
github.com/datahop/ipfs-lite/mobile/datahop.go:367.26,367.26 0 19
github.com/datahop/ipfs-lite/mobile/datahop.go:368.37,368.37 0 0
github.com/datahop/ipfs-lite/mobile/datahop.go:373.14,378.2 4 12
github.com/datahop/ipfs-lite/mobile/datahop.go:380.52,382.2 1 0
github.com/datahop/ipfs-lite/mobile/datahop.go:384.47,386.2 1 0
github.com/datahop/ipfs-lite/mobile/datahop.go:388.55,390.2 1 0
github.com/datahop/ipfs-lite/mobile/datahop.go:392.51,394.2 1 0
github.com/datahop/ipfs-lite/mobile/datahop.go:396.57,398.2 1 0
github.com/datahop/ipfs-lite/mobile/discovery.go:48.20,49.22 1 12
github.com/datahop/ipfs-lite/mobile/discovery.go:52.2,62.23 2 12
github.com/datahop/ipfs-lite/mobile/discovery.go:49.22,51.3 1 0
github.com/datahop/ipfs-lite/mobile/discovery.go:65.36,69.2 3 1
github.com/datahop/ipfs-lite/mobile/discovery.go:71.74,77.2 5 1
github.com/datahop/ipfs-lite/mobile/discovery.go:79.67,82.31 3 0
github.com/datahop/ipfs-lite/mobile/discovery.go:85.2,85.15 1 0
github.com/datahop/ipfs-lite/mobile/discovery.go:82.31,84.3 1 0
github.com/datahop/ipfs-lite/mobile/discovery.go:88.42,93.2 4 0
github.com/datahop/ipfs-lite/mobile/discovery.go:94.55,99.2 4 12
github.com/datahop/ipfs-lite/mobile/discovery.go:101.57,105.35 4 0
github.com/datahop/ipfs-lite/mobile/discovery.go:111.2,111.17 1 0
github.com/datahop/ipfs-lite/mobile/discovery.go:114.2,114.15 1 0
github.com/datahop/ipfs-lite/mobile/discovery.go:105.35,106.17 1 0
github.com/datahop/ipfs-lite/mobile/discovery.go:106.17,108.9 2 0
github.com/datahop/ipfs-lite/mobile/discovery.go:111.17,113.3 1 0
github.com/datahop/ipfs-lite/mobile/discovery.go:117.58,119.2 1 0
github.com/datahop/ipfs-lite/mobile/discovery.go:121.82,124.2 1 0
github.com/datahop/ipfs-lite/mobile/discovery.go:126.133,130.37 4 0
github.com/datahop/ipfs-lite/mobile/discovery.go:130.37,132.3 1 0
github.com/datahop/ipfs-lite/mobile/discovery.go:135.51,138.2 2 0
github.com/datahop/ipfs-lite/mobile/discovery.go:140.82,146.2 4 0
github.com/datahop/ipfs-lite/mobile/discovery.go:148.50,151.2 2 0
github.com/datahop/ipfs-lite/mobile/discovery.go:153.58,156.2 2 0
github.com/datahop/ipfs-lite/mobile/discovery.go:158.43,160.2 1 0
github.com/datahop/ipfs-lite/mobile/discovery.go:162.40,164.2 1 0
github.com/datahop/ipfs-lite/mobile/discovery.go:166.48,168.2 1 0
github.com/datahop/ipfs-lite/mobile/discovery.go:170.44,172.2 1 0
github.com/datahop/ipfs-lite/mobile/discovery.go:174.52,176.2 1 0
github.com/datahop/ipfs-lite/mobile/discovery.go:178.73,181.2 2 0
github.com/datahop/ipfs-lite/mobile/discovery.go:183.54,185.2 1 0
